<?xml version="1.0" encoding="UTF-8"?>
<testng-results ignored="0" total="1" passed="1" failed="0" skipped="0">
  <reporter-output>
  </reporter-output>
  <suite started-at="2025-04-12T18:19:53 IST" name="Default suite" finished-at="2025-04-12T18:20:01 IST" duration-ms="8272">
    <groups>
    </groups>
    <test started-at="2025-04-12T18:19:53 IST" name="Default test" finished-at="2025-04-12T18:20:01 IST" duration-ms="8272">
      <class name="script.VerfiyAllIconsOfTabularColumn">
        <test-method is-config="true" signature="initReport()[pri:0, instance:script.VerfiyAllIconsOfTabularColumn@5542c4ed]" started-at="2025-04-12T18:19:53 IST" name="initReport" finished-at="2025-04-12T18:19:53 IST" duration-ms="258" status="PASS">
          <reporter-output>
          </reporter-output>
        </test-method> <!-- initReport -->
        <test-method is-config="true" signature="preCondition(java.lang.reflect.Method,java.lang.String,java.lang.String,java.lang.String)[pri:0, instance:script.VerfiyAllIconsOfTabularColumn@5542c4ed]" started-at="2025-04-12T18:19:53 IST" name="preCondition" finished-at="2025-04-12T18:19:56 IST" duration-ms="2748" status="PASS">
          <params>
            <param index="0">
              <value>
                <![CDATA[public void script.VerfiyAllIconsOfTabularColumn.testVerfiyAllIconsOfTabularColumn()]]>
              </value>
            </param>
            <param index="1">
              <value>
                <![CDATA[CHROME]]>
              </value>
            </param>
            <param index="2">
              <value>
                <![CDATA[NO]]>
              </value>
            </param>
            <param index="3">
              <value>
                <![CDATA[http://localhost:4444]]>
              </value>
            </param>
          </params>
          <reporter-output>
          </reporter-output>
        </test-method> <!-- preCondition -->
        <test-method signature="testVerfiyAllIconsOfTabularColumn()[pri:0, instance:script.VerfiyAllIconsOfTabularColumn@5542c4ed]" started-at="2025-04-12T18:19:56 IST" name="testVerfiyAllIconsOfTabularColumn" finished-at="2025-04-12T18:19:59 IST" duration-ms="3129" status="PASS">
          <reporter-output>
          </reporter-output>
        </test-method> <!-- testVerfiyAllIconsOfTabularColumn -->
        <test-method is-config="true" signature="postCondition(java.lang.reflect.Method,org.testng.ITestResult)[pri:0, instance:script.VerfiyAllIconsOfTabularColumn@5542c4ed]" started-at="2025-04-12T18:19:59 IST" name="postCondition" finished-at="2025-04-12T18:20:01 IST" duration-ms="2338" status="PASS">
          <params>
            <param index="0">
              <value>
                <![CDATA[public void script.VerfiyAllIconsOfTabularColumn.testVerfiyAllIconsOfTabularColumn()]]>
              </value>
            </param>
            <param index="1">
              <value>
                <![CDATA[[TestResult name=testVerfiyAllIconsOfTabularColumn status=SUCCESS method=VerfiyAllIconsOfTabularColumn.testVerfiyAllIconsOfTabularColumn()[pri:0, instance:script.VerfiyAllIconsOfTabularColumn@5542c4ed] output={null}]]]>
              </value>
            </param>
          </params>
          <reporter-output>
          </reporter-output>
        </test-method> <!-- postCondition -->
        <test-method is-config="true" signature="publishReport()[pri:0, instance:script.VerfiyAllIconsOfTabularColumn@5542c4ed]" started-at="2025-04-12T18:20:01 IST" name="publishReport" finished-at="2025-04-12T18:20:02 IST" duration-ms="518" status="PASS">
          <reporter-output>
          </reporter-output>
        </test-method> <!-- publishReport -->
      </class> <!-- script.VerfiyAllIconsOfTabularColumn -->
    </test> <!-- Default test -->
  </suite> <!-- Default suite -->
</testng-results>
