<?xml version="1.0" encoding="UTF-8"?>
<testng-results ignored="0" total="1" passed="1" failed="0" skipped="0">
  <reporter-output>
  </reporter-output>
  <suite started-at="2025-04-14T13:24:37 IST" name="Default suite" finished-at="2025-04-14T13:24:50 IST" duration-ms="13411">
    <groups>
    </groups>
    <test started-at="2025-04-14T13:24:37 IST" name="Default test" finished-at="2025-04-14T13:24:50 IST" duration-ms="13411">
      <class name="script.VerifyFieldsDisplayedInUpdateSupplier">
        <test-method is-config="true" signature="initReport()[pri:0, instance:script.VerifyFieldsDisplayedInUpdateSupplier@5542c4ed]" started-at="2025-04-14T13:24:37 IST" name="initReport" finished-at="2025-04-14T13:24:37 IST" duration-ms="413" status="PASS">
          <reporter-output>
          </reporter-output>
        </test-method> <!-- initReport -->
        <test-method is-config="true" signature="preCondition(java.lang.reflect.Method,java.lang.String,java.lang.String,java.lang.String)[pri:0, instance:script.VerifyFieldsDisplayedInUpdateSupplier@5542c4ed]" started-at="2025-04-14T13:24:37 IST" name="preCondition" finished-at="2025-04-14T13:24:42 IST" duration-ms="4741" status="PASS">
          <params>
            <param index="0">
              <value>
                <![CDATA[public void script.VerifyFieldsDisplayedInUpdateSupplier.testVerifyFieldsDisplayedInUpdateSupplier()]]>
              </value>
            </param>
            <param index="1">
              <value>
                <![CDATA[CHROME]]>
              </value>
            </param>
            <param index="2">
              <value>
                <![CDATA[NO]]>
              </value>
            </param>
            <param index="3">
              <value>
                <![CDATA[http://localhost:4444]]>
              </value>
            </param>
          </params>
          <reporter-output>
          </reporter-output>
        </test-method> <!-- preCondition -->
        <test-method signature="testVerifyFieldsDisplayedInUpdateSupplier()[pri:0, instance:script.VerifyFieldsDisplayedInUpdateSupplier@5542c4ed]" started-at="2025-04-14T13:24:42 IST" name="testVerifyFieldsDisplayedInUpdateSupplier" finished-at="2025-04-14T13:24:48 IST" duration-ms="5978" status="PASS">
          <reporter-output>
          </reporter-output>
        </test-method> <!-- testVerifyFieldsDisplayedInUpdateSupplier -->
        <test-method is-config="true" signature="postCondition(java.lang.reflect.Method,org.testng.ITestResult)[pri:0, instance:script.VerifyFieldsDisplayedInUpdateSupplier@5542c4ed]" started-at="2025-04-14T13:24:48 IST" name="postCondition" finished-at="2025-04-14T13:24:50 IST" duration-ms="2615" status="PASS">
          <params>
            <param index="0">
              <value>
                <![CDATA[public void script.VerifyFieldsDisplayedInUpdateSupplier.testVerifyFieldsDisplayedInUpdateSupplier()]]>
              </value>
            </param>
            <param index="1">
              <value>
                <![CDATA[[TestResult name=testVerifyFieldsDisplayedInUpdateSupplier status=SUCCESS method=VerifyFieldsDisplayedInUpdateSupplier.testVerifyFieldsDisplayedInUpdateSupplier()[pri:0, instance:script.VerifyFieldsDisplayedInUpdateSupplier@5542c4ed] output={null}]]]>
              </value>
            </param>
          </params>
          <reporter-output>
          </reporter-output>
        </test-method> <!-- postCondition -->
        <test-method is-config="true" signature="publishReport()[pri:0, instance:script.VerifyFieldsDisplayedInUpdateSupplier@5542c4ed]" started-at="2025-04-14T13:24:51 IST" name="publishReport" finished-at="2025-04-14T13:24:51 IST" duration-ms="777" status="PASS">
          <reporter-output>
          </reporter-output>
        </test-method> <!-- publishReport -->
      </class> <!-- script.VerifyFieldsDisplayedInUpdateSupplier -->
    </test> <!-- Default test -->
  </suite> <!-- Default suite -->
</testng-results>
